<?xml version="1.0" encoding="UTF-8"?>
<!-- Generated by org.testng.reporters.JUnitXMLReporter -->
<testsuite ignored="0" hostname="PMAM-0209" failures="0" tests="2" name="Default test" time="1354.942" errors="0" timestamp="10 Apr 2020 09:02:06 GMT">
  <testcase classname="FSmokeSuit.FSmokeSuit.AutomationDriver" name="AutomationDriverExecution" time="934.263"/>
  <testcase classname="FSmokeSuit.FSmokeSuit.AutomationDriver" name="AutomationDriverExecution" time="415.998"/>
</testsuite> <!-- Default test -->
