<?xml version="1.0" encoding="UTF-8"?>
<testng-results ignored="0" total="2" passed="2" failed="0" skipped="0">
  <reporter-output>
  </reporter-output>
  <suite started-at="2020-04-10T08:39:31Z" name="Default suite" finished-at="2020-04-10T09:02:06Z" duration-ms="1354942">
    <groups>
    </groups>
    <test started-at="2020-04-10T08:39:31Z" name="Default test" finished-at="2020-04-10T09:02:06Z" duration-ms="1354942">
      <class name="FSmokeSuit.FSmokeSuit.AutomationDriver">
        <test-method signature="AutomationDriverExecution(FSmokeSuit.FSmokeSuit.LoadManager)[pri:0, instance:FSmokeSuit.FSmokeSuit.AutomationDriver@2b6856dd]" started-at="2020-04-10T08:39:35Z" name="AutomationDriverExecution" data-provider="SmokeData" finished-at="2020-04-10T08:55:10Z" duration-ms="934263" status="PASS">
          <params>
            <param index="0">
              <value>
                <![CDATA[FSmokeSuit.FSmokeSuit.LoadManager@3eb81efb]]>
              </value>
            </param>
          </params>
          <reporter-output>
          </reporter-output>
        </test-method> <!-- AutomationDriverExecution -->
        <test-method signature="AutomationDriverExecution(FSmokeSuit.FSmokeSuit.LoadManager)[pri:0, instance:FSmokeSuit.FSmokeSuit.AutomationDriver@2b6856dd]" started-at="2020-04-10T08:55:10Z" name="AutomationDriverExecution" data-provider="SmokeData" finished-at="2020-04-10T09:02:06Z" duration-ms="415998" status="PASS">
          <params>
            <param index="0">
              <value>
                <![CDATA[FSmokeSuit.FSmokeSuit.LoadManager@24b05292]]>
              </value>
            </param>
          </params>
          <reporter-output>
          </reporter-output>
        </test-method> <!-- AutomationDriverExecution -->
      </class> <!-- FSmokeSuit.FSmokeSuit.AutomationDriver -->
    </test> <!-- Default test -->
  </suite> <!-- Default suite -->
</testng-results>
