<?xml version="1.0" encoding="UTF-8"?>
<testng-results ignored="0" total="2" passed="2" failed="0" skipped="0">
  <reporter-output>
  </reporter-output>
  <suite started-at="2020-03-05T15:09:04Z" name="Default suite" finished-at="2020-03-05T15:21:43Z" duration-ms="759024">
    <groups>
    </groups>
    <test started-at="2020-03-05T15:09:04Z" name="Default test" finished-at="2020-03-05T15:21:43Z" duration-ms="759024">
      <class name="FSmokeSuit.FSmokeSuit.AutomationDriver">
        <test-method signature="AutomationDriverExecution(FSmokeSuit.FSmokeSuit.LoadManager)[pri:0, instance:FSmokeSuit.FSmokeSuit.AutomationDriver@26b3fd41]" started-at="2020-03-05T15:09:08Z" name="AutomationDriverExecution" data-provider="SmokeData" finished-at="2020-03-05T15:11:20Z" duration-ms="131908" status="PASS">
          <params>
            <param index="0">
              <value>
                <![CDATA[FSmokeSuit.FSmokeSuit.LoadManager@636e8cc]]>
              </value>
            </param>
          </params>
          <reporter-output>
          </reporter-output>
        </test-method> <!-- AutomationDriverExecution -->
        <test-method signature="AutomationDriverExecution(FSmokeSuit.FSmokeSuit.LoadManager)[pri:0, instance:FSmokeSuit.FSmokeSuit.AutomationDriver@26b3fd41]" started-at="2020-03-05T15:11:20Z" name="AutomationDriverExecution" data-provider="SmokeData" finished-at="2020-03-05T15:21:43Z" duration-ms="622344" status="PASS">
          <params>
            <param index="0">
              <value>
                <![CDATA[FSmokeSuit.FSmokeSuit.LoadManager@af7e376]]>
              </value>
            </param>
          </params>
          <reporter-output>
          </reporter-output>
        </test-method> <!-- AutomationDriverExecution -->
      </class> <!-- FSmokeSuit.FSmokeSuit.AutomationDriver -->
    </test> <!-- Default test -->
  </suite> <!-- Default suite -->
</testng-results>
